# JRE version: OpenJDK Runtime Environment Temurin-21.0.7+6 (21.0.7+6) (build 21.0.7+6-LTS)
# Java VM: OpenJDK 64-Bit Server VM Temurin-21.0.7+6 (21.0.7+6-LTS, mixed mode, sharing, tiered, compressed oops, compressed class ptrs, parallel gc, windows-amd64)
GC Precious Log:
 CardTable entry size: 512
 CPUs: 8 total, 8 available
 Memory: 8029M
 Large Page Support: Disabled
 NUMA Support: Disabled
 Compressed Oops: Enabled (32-bit)
 Alignments: Space 512K, Generation 512K, Heap 2M
 Heap Min Capacity: 100M
 Heap Initial Capacity: 100M
 Heap Max Capacity: 2G
 Pre-touch: Disabled
 Parallel Workers: 8
Heap:
 PSYoungGen      total 6144K, used 4063K [0x00000000d5580000, 0x00000000d5c80000, 0x0000000100000000)
  eden space 5632K, 66% used [0x00000000d5580000,0x00000000d5927df8,0x00000000d5b00000)
  from space 512K, 62% used [0x00000000d5b00000,0x00000000d5b50000,0x00000000d5b80000)
  to   space 512K, 0% used [0x00000000d5c00000,0x00000000d5c00000,0x00000000d5c80000)
 ParOldGen       total 353280K, used 344699K [0x0000000080000000, 0x0000000095900000, 0x00000000d5580000)
  object space 353280K, 97% used [0x0000000080000000,0x000000009509ed80,0x0000000095900000)
 Metaspace       used 71030K, committed 72576K, reserved 1114112K
  class space    used 7446K, committed 8128K, reserved 1048576K
GC Heap History (20 events):
Event: 229.016 GC heap before
{Heap before GC invocations=1442 (full 5):
 PSYoungGen      total 4608K, used 4352K [0x00000000d5580000, 0x00000000d5c00000, 0x0000000100000000)
  eden space 4096K, 100% used [0x00000000d5580000,0x00000000d5980000,0x00000000d5980000)
  from space 512K, 50% used [0x00000000d5b00000,0x00000000d5b40000,0x00000000d5b80000)
  to   space 512K, 0% used [0x00000000d5b80000,0x00000000d5b80000,0x00000000d5c00000)
 ParOldGen       total 352768K, used 344688K [0x0000000080000000, 0x0000000095880000, 0x00000000d5580000)
  object space 352768K, 97% used [0x0000000080000000,0x000000009509c0b0,0x0000000095880000)
 Metaspace       used 70627K, committed 72192K, reserved 1114112K
  class space    used 7418K, committed 8064K, reserved 1048576K
}
Event: 229.018 GC heap after
{Heap after GC invocations=1442 (full 5):
 PSYoungGen      total 4608K, used 256K [0x00000000d5580000, 0x00000000d5c00000, 0x0000000100000000)
  eden space 4096K, 0% used [0x00000000d5580000,0x00000000d5580000,0x00000000d5980000)
  from space 512K, 50% used [0x00000000d5b80000,0x00000000d5bc0000,0x00000000d5c00000)
  to   space 512K, 0% used [0x00000000d5b00000,0x00000000d5b00000,0x00000000d5b80000)
 ParOldGen       total 352768K, used 344752K [0x0000000080000000, 0x0000000095880000, 0x00000000d5580000)
  object space 352768K, 97% used [0x0000000080000000,0x00000000950ac0b0,0x0000000095880000)
 Metaspace       used 70627K, committed 72192K, reserved 1114112K
  class space    used 7418K, committed 8064K, reserved 1048576K
}
Event: 232.342 GC heap before
{Heap before GC invocations=1443 (full 5):
 PSYoungGen      total 4608K, used 4352K [0x00000000d5580000, 0x00000000d5c00000, 0x0000000100000000)
  eden space 4096K, 100% used [0x00000000d5580000,0x00000000d5980000,0x00000000d5980000)
  from space 512K, 50% used [0x00000000d5b80000,0x00000000d5bc0000,0x00000000d5c00000)
  to   space 512K, 0% used [0x00000000d5b00000,0x00000000d5b00000,0x00000000d5b80000)
 ParOldGen       total 376320K, used 375472K [0x0000000080000000, 0x0000000096f80000, 0x00000000d5580000)
  object space 376320K, 99% used [0x0000000080000000,0x0000000096eac0e0,0x0000000096f80000)
 Metaspace       used 70641K, committed 72192K, reserved 1114112K
  class space    used 7418K, committed 8064K, reserved 1048576K
}
Event: 232.343 GC heap after
{Heap after GC invocations=1443 (full 5):
 PSYoungGen      total 4608K, used 320K [0x00000000d5580000, 0x00000000d5c00000, 0x0000000100000000)
  eden space 4096K, 0% used [0x00000000d5580000,0x00000000d5580000,0x00000000d5980000)
  from space 512K, 62% used [0x00000000d5b00000,0x00000000d5b50020,0x00000000d5b80000)
  to   space 512K, 0% used [0x00000000d5b80000,0x00000000d5b80000,0x00000000d5c00000)
 ParOldGen       total 376320K, used 375528K [0x0000000080000000, 0x0000000096f80000, 0x00000000d5580000)
  object space 376320K, 99% used [0x0000000080000000,0x0000000096eba0e0,0x0000000096f80000)
 Metaspace       used 70641K, committed 72192K, reserved 1114112K
  class space    used 7418K, committed 8064K, reserved 1048576K
}
Event: 237.437 GC heap before
{Heap before GC invocations=1444 (full 5):
 PSYoungGen      total 4608K, used 4416K [0x00000000d5580000, 0x00000000d5c00000, 0x0000000100000000)
  eden space 4096K, 100% used [0x00000000d5580000,0x00000000d5980000,0x00000000d5980000)
  from space 512K, 62% used [0x00000000d5b00000,0x00000000d5b50020,0x00000000d5b80000)
  to   space 512K, 0% used [0x00000000d5b80000,0x00000000d5b80000,0x00000000d5c00000)
 ParOldGen       total 408064K, used 406248K [0x0000000080000000, 0x0000000098e80000, 0x00000000d5580000)
  object space 408064K, 99% used [0x0000000080000000,0x0000000098cba110,0x0000000098e80000)
 Metaspace       used 70684K, committed 72256K, reserved 1114112K
  class space    used 7418K, committed 8128K, reserved 1048576K
}
Event: 237.438 GC heap after
{Heap after GC invocations=1444 (full 5):
 PSYoungGen      total 4608K, used 288K [0x00000000d5580000, 0x00000000d5c00000, 0x0000000100000000)
  eden space 4096K, 0% used [0x00000000d5580000,0x00000000d5580000,0x00000000d5980000)
  from space 512K, 56% used [0x00000000d5b80000,0x00000000d5bc8000,0x00000000d5c00000)
  to   space 512K, 0% used [0x00000000d5b00000,0x00000000d5b00000,0x00000000d5b80000)
 ParOldGen       total 408064K, used 406288K [0x0000000080000000, 0x0000000098e80000, 0x00000000d5580000)
  object space 408064K, 99% used [0x0000000080000000,0x0000000098cc4110,0x0000000098e80000)
 Metaspace       used 70684K, committed 72256K, reserved 1114112K
  class space    used 7418K, committed 8128K, reserved 1048576K
}
Event: 241.496 GC heap before
{Heap before GC invocations=1445 (full 5):
 PSYoungGen      total 4608K, used 4384K [0x00000000d5580000, 0x00000000d5c00000, 0x0000000100000000)
  eden space 4096K, 100% used [0x00000000d5580000,0x00000000d5980000,0x00000000d5980000)
  from space 512K, 56% used [0x00000000d5b80000,0x00000000d5bc8000,0x00000000d5c00000)
  to   space 512K, 0% used [0x00000000d5b00000,0x00000000d5b00000,0x00000000d5b80000)
 ParOldGen       total 471552K, used 467728K [0x0000000080000000, 0x000000009cc80000, 0x00000000d5580000)
  object space 471552K, 99% used [0x0000000080000000,0x000000009c8c4170,0x000000009cc80000)
 Metaspace       used 70724K, committed 72320K, reserved 1114112K
  class space    used 7418K, committed 8128K, reserved 1048576K
}
Event: 241.497 GC heap after
{Heap after GC invocations=1445 (full 5):
 PSYoungGen      total 4608K, used 256K [0x00000000d5580000, 0x00000000d5c00000, 0x0000000100000000)
  eden space 4096K, 0% used [0x00000000d5580000,0x00000000d5580000,0x00000000d5980000)
  from space 512K, 50% used [0x00000000d5b00000,0x00000000d5b40000,0x00000000d5b80000)
  to   space 512K, 0% used [0x00000000d5b80000,0x00000000d5b80000,0x00000000d5c00000)
 ParOldGen       total 471552K, used 467776K [0x0000000080000000, 0x000000009cc80000, 0x00000000d5580000)
  object space 471552K, 99% used [0x0000000080000000,0x000000009c8d0170,0x000000009cc80000)
 Metaspace       used 70724K, committed 72320K, reserved 1114112K
  class space    used 7418K, committed 8128K, reserved 1048576K
}
Event: 247.485 GC heap before
{Heap before GC invocations=1446 (full 5):
 PSYoungGen      total 4608K, used 4352K [0x00000000d5580000, 0x00000000d5c00000, 0x0000000100000000)
  eden space 4096K, 100% used [0x00000000d5580000,0x00000000d5980000,0x00000000d5980000)
  from space 512K, 50% used [0x00000000d5b00000,0x00000000d5b40000,0x00000000d5b80000)
  to   space 512K, 0% used [0x00000000d5b80000,0x00000000d5b80000,0x00000000d5c00000)
 ParOldGen       total 503296K, used 498496K [0x0000000080000000, 0x000000009eb80000, 0x00000000d5580000)
  object space 503296K, 99% used [0x0000000080000000,0x000000009e6d01a0,0x000000009eb80000)
 Metaspace       used 70744K, committed 72320K, reserved 1114112K
  class space    used 7418K, committed 8128K, reserved 1048576K
}
Event: 247.486 GC heap after
{Heap after GC invocations=1446 (full 5):
 PSYoungGen      total 4608K, used 224K [0x00000000d5580000, 0x00000000d5c00000, 0x0000000100000000)
  eden space 4096K, 0% used [0x00000000d5580000,0x00000000d5580000,0x00000000d5980000)
  from space 512K, 43% used [0x00000000d5b80000,0x00000000d5bb8000,0x00000000d5c00000)
  to   space 512K, 0% used [0x00000000d5b00000,0x00000000d5b00000,0x00000000d5b80000)
 ParOldGen       total 503296K, used 498528K [0x0000000080000000, 0x000000009eb80000, 0x00000000d5580000)
  object space 503296K, 99% used [0x0000000080000000,0x000000009e6d81a0,0x000000009eb80000)
 Metaspace       used 70744K, committed 72320K, reserved 1114112K
  class space    used 7418K, committed 8128K, reserved 1048576K
}
Event: 258.612 GC heap before
{Heap before GC invocations=1447 (full 5):
 PSYoungGen      total 4608K, used 2974K [0x00000000d5580000, 0x00000000d5c00000, 0x0000000100000000)
  eden space 4096K, 67% used [0x00000000d5580000,0x00000000d582f810,0x00000000d5980000)
  from space 512K, 43% used [0x00000000d5b80000,0x00000000d5bb8000,0x00000000d5c00000)
  to   space 512K, 0% used [0x00000000d5b00000,0x00000000d5b00000,0x00000000d5b80000)
 ParOldGen       total 511488K, used 506208K [0x0000000080000000, 0x000000009f380000, 0x00000000d5580000)
  object space 511488K, 98% used [0x0000000080000000,0x000000009ee581b0,0x000000009f380000)
 Metaspace       used 70749K, committed 72320K, reserved 1114112K
  class space    used 7418K, committed 8128K, reserved 1048576K
}
Event: 258.613 GC heap after
{Heap after GC invocations=1447 (full 5):
 PSYoungGen      total 4608K, used 368K [0x00000000d5580000, 0x00000000d5c00000, 0x0000000100000000)
  eden space 4096K, 0% used [0x00000000d5580000,0x00000000d5580000,0x00000000d5980000)
  from space 512K, 71% used [0x00000000d5b00000,0x00000000d5b5c010,0x00000000d5b80000)
  to   space 512K, 0% used [0x00000000d5b80000,0x00000000d5b80000,0x00000000d5c00000)
 ParOldGen       total 511488K, used 506272K [0x0000000080000000, 0x000000009f380000, 0x00000000d5580000)
  object space 511488K, 98% used [0x0000000080000000,0x000000009ee681b0,0x000000009f380000)
 Metaspace       used 70749K, committed 72320K, reserved 1114112K
  class space    used 7418K, committed 8128K, reserved 1048576K
}
Event: 258.613 GC heap before
{Heap before GC invocations=1448 (full 5):
 PSYoungGen      total 4608K, used 368K [0x00000000d5580000, 0x00000000d5c00000, 0x0000000100000000)
  eden space 4096K, 0% used [0x00000000d5580000,0x00000000d5580000,0x00000000d5980000)
  from space 512K, 71% used [0x00000000d5b00000,0x00000000d5b5c010,0x00000000d5b80000)
  to   space 512K, 0% used [0x00000000d5b80000,0x00000000d5b80000,0x00000000d5c00000)
 ParOldGen       total 511488K, used 506272K [0x0000000080000000, 0x000000009f380000, 0x00000000d5580000)
  object space 511488K, 98% used [0x0000000080000000,0x000000009ee681b0,0x000000009f380000)
 Metaspace       used 70749K, committed 72320K, reserved 1114112K
  class space    used 7418K, committed 8128K, reserved 1048576K
}
Event: 258.614 GC heap after
{Heap after GC invocations=1448 (full 5):
 PSYoungGen      total 5632K, used 0K [0x00000000d5580000, 0x00000000d5c00000, 0x0000000100000000)
  eden space 5120K, 0% used [0x00000000d5580000,0x00000000d5580000,0x00000000d5a80000)
  from space 512K, 0% used [0x00000000d5b80000,0x00000000d5b80000,0x00000000d5c00000)
  to   space 512K, 0% used [0x00000000d5b00000,0x00000000d5b00000,0x00000000d5b80000)
 ParOldGen       total 511488K, used 506516K [0x0000000080000000, 0x000000009f380000, 0x00000000d5580000)
  object space 511488K, 99% used [0x0000000080000000,0x000000009eea5220,0x000000009f380000)
 Metaspace       used 70749K, committed 72320K, reserved 1114112K
  class space    used 7418K, committed 8128K, reserved 1048576K
}
Event: 258.614 GC heap before
{Heap before GC invocations=1449 (full 6):
 PSYoungGen      total 5632K, used 0K [0x00000000d5580000, 0x00000000d5c00000, 0x0000000100000000)
  eden space 5120K, 0% used [0x00000000d5580000,0x00000000d5580000,0x00000000d5a80000)
  from space 512K, 0% used [0x00000000d5b80000,0x00000000d5b80000,0x00000000d5c00000)
  to   space 512K, 0% used [0x00000000d5b00000,0x00000000d5b00000,0x00000000d5b80000)
 ParOldGen       total 511488K, used 506516K [0x0000000080000000, 0x000000009f380000, 0x00000000d5580000)
  object space 511488K, 99% used [0x0000000080000000,0x000000009eea5220,0x000000009f380000)
 Metaspace       used 70749K, committed 72320K, reserved 1114112K
  class space    used 7418K, committed 8128K, reserved 1048576K
}
Event: 258.710 GC heap after
{Heap after GC invocations=1449 (full 6):
 PSYoungGen      total 6144K, used 0K [0x00000000d5580000, 0x00000000d5c80000, 0x0000000100000000)
  eden space 5632K, 0% used [0x00000000d5580000,0x00000000d5580000,0x00000000d5b00000)
  from space 512K, 0% used [0x00000000d5b00000,0x00000000d5b00000,0x00000000d5b80000)
  to   space 512K, 0% used [0x00000000d5c00000,0x00000000d5c00000,0x00000000d5c80000)
 ParOldGen       total 258048K, used 229451K [0x0000000080000000, 0x000000008fc00000, 0x00000000d5580000)
  object space 258048K, 88% used [0x0000000080000000,0x000000008e012cd0,0x000000008fc00000)
 Metaspace       used 70749K, committed 72320K, reserved 1114112K
  class space    used 7418K, committed 8128K, reserved 1048576K
}
Event: 272.705 GC heap before
{Heap before GC invocations=1450 (full 6):
 PSYoungGen      total 6144K, used 5632K [0x00000000d5580000, 0x00000000d5c80000, 0x0000000100000000)
  eden space 5632K, 100% used [0x00000000d5580000,0x00000000d5b00000,0x00000000d5b00000)
  from space 512K, 0% used [0x00000000d5b00000,0x00000000d5b00000,0x00000000d5b80000)
  to   space 512K, 0% used [0x00000000d5c00000,0x00000000d5c00000,0x00000000d5c80000)
 ParOldGen       total 289792K, used 283211K [0x0000000080000000, 0x0000000091b00000, 0x00000000d5580000)
  object space 289792K, 97% used [0x0000000080000000,0x0000000091492d20,0x0000000091b00000)
 Metaspace       used 70789K, committed 72384K, reserved 1114112K
  class space    used 7419K, committed 8128K, reserved 1048576K
}
Event: 272.705 GC heap after
{Heap after GC invocations=1450 (full 6):
 PSYoungGen      total 6144K, used 256K [0x00000000d5580000, 0x00000000d5c80000, 0x0000000100000000)
  eden space 5632K, 0% used [0x00000000d5580000,0x00000000d5580000,0x00000000d5b00000)
  from space 512K, 50% used [0x00000000d5c00000,0x00000000d5c40000,0x00000000d5c80000)
  to   space 512K, 0% used [0x00000000d5b00000,0x00000000d5b00000,0x00000000d5b80000)
 ParOldGen       total 289792K, used 283211K [0x0000000080000000, 0x0000000091b00000, 0x00000000d5580000)
  object space 289792K, 97% used [0x0000000080000000,0x0000000091492d20,0x0000000091b00000)
 Metaspace       used 70789K, committed 72384K, reserved 1114112K
  class space    used 7419K, committed 8128K, reserved 1048576K
}
Event: 284.491 GC heap before
{Heap before GC invocations=1451 (full 6):
 PSYoungGen      total 6144K, used 5888K [0x00000000d5580000, 0x00000000d5c80000, 0x0000000100000000)
  eden space 5632K, 100% used [0x00000000d5580000,0x00000000d5b00000,0x00000000d5b00000)
  from space 512K, 50% used [0x00000000d5c00000,0x00000000d5c40000,0x00000000d5c80000)
  to   space 512K, 0% used [0x00000000d5b00000,0x00000000d5b00000,0x00000000d5b80000)
 ParOldGen       total 353280K, used 344651K [0x0000000080000000, 0x0000000095900000, 0x00000000d5580000)
  object space 353280K, 97% used [0x0000000080000000,0x0000000095092d80,0x0000000095900000)
 Metaspace       used 70815K, committed 72448K, reserved 1114112K
  class space    used 7419K, committed 8128K, reserved 1048576K
}
Event: 284.492 GC heap after
{Heap after GC invocations=1451 (full 6):
 PSYoungGen      total 6144K, used 320K [0x00000000d5580000, 0x00000000d5c80000, 0x0000000100000000)
  eden space 5632K, 0% used [0x00000000d5580000,0x00000000d5580000,0x00000000d5b00000)
  from space 512K, 62% used [0x00000000d5b00000,0x00000000d5b50000,0x00000000d5b80000)
  to   space 512K, 0% used [0x00000000d5c00000,0x00000000d5c00000,0x00000000d5c80000)
 ParOldGen       total 353280K, used 344699K [0x0000000080000000, 0x0000000095900000, 0x00000000d5580000)
  object space 353280K, 97% used [0x0000000080000000,0x000000009509ed80,0x0000000095900000)
 Metaspace       used 70815K, committed 72448K, reserved 1114112K
  class space    used 7419K, committed 8128K, reserved 1048576K
}

