# JRE version: OpenJDK Runtime Environment Temurin-21.0.7+6 (21.0.7+6) (build 21.0.7+6-LTS)
# Java VM: OpenJDK 64-Bit Server VM Temurin-21.0.7+6 (21.0.7+6-LTS, mixed mode, sharing, tiered, compressed oops, compressed class ptrs, parallel gc, windows-amd64)
GC Precious Log:
 CardTable entry size: 512
 CPUs: 8 total, 8 available
 Memory: 8029M
 Large Page Support: Disabled
 NUMA Support: Disabled
 Compressed Oops: Enabled (32-bit)
 Alignments: Space 512K, Generation 512K, Heap 2M
 Heap Min Capacity: 100M
 Heap Initial Capacity: 100M
 Heap Max Capacity: 2G
 Pre-touch: Disabled
 Parallel Workers: 8
Heap:
 PSYoungGen      total 4608K, used 3750K [0x00000000d5580000, 0x00000000d5b00000, 0x0000000100000000)
  eden space 4096K, 83% used [0x00000000d5580000,0x00000000d58d28d8,0x00000000d5980000)
  from space 512K, 67% used [0x00000000d5a80000,0x00000000d5ad7080,0x00000000d5b00000)
  to   space 512K, 0% used [0x00000000d5a00000,0x00000000d5a00000,0x00000000d5a80000)
 ParOldGen       total 997376K, used 997163K [0x0000000080000000, 0x00000000bce00000, 0x00000000d5580000)
  object space 997376K, 99% used [0x0000000080000000,0x00000000bcdcaf88,0x00000000bce00000)
 Metaspace       used 73097K, committed 74688K, reserved 1179648K
  class space    used 7552K, committed 8256K, reserved 1048576K
GC Heap History (20 events):
Event: 78.566 GC heap before
{Heap before GC invocations=1926 (full 3):
 PSYoungGen      total 3584K, used 3552K [0x00000000d5580000, 0x00000000d5980000, 0x0000000100000000)
  eden space 3072K, 100% used [0x00000000d5580000,0x00000000d5880000,0x00000000d5880000)
  from space 512K, 93% used [0x00000000d5900000,0x00000000d5978000,0x00000000d5980000)
  to   space 512K, 0% used [0x00000000d5880000,0x00000000d5880000,0x00000000d5900000)
 ParOldGen       total 991232K, used 990818K [0x0000000080000000, 0x00000000bc800000, 0x00000000d5580000)
  object space 991232K, 99% used [0x0000000080000000,0x00000000bc798b90,0x00000000bc800000)
 Metaspace       used 68196K, committed 69696K, reserved 1114112K
  class space    used 6945K, committed 7616K, reserved 1048576K
}
Event: 78.568 GC heap after
{Heap after GC invocations=1926 (full 3):
 PSYoungGen      total 3584K, used 384K [0x00000000d5580000, 0x00000000d5980000, 0x0000000100000000)
  eden space 3072K, 0% used [0x00000000d5580000,0x00000000d5580000,0x00000000d5880000)
  from space 512K, 75% used [0x00000000d5880000,0x00000000d58e0000,0x00000000d5900000)
  to   space 512K, 0% used [0x00000000d5900000,0x00000000d5900000,0x00000000d5980000)
 ParOldGen       total 991232K, used 991010K [0x0000000080000000, 0x00000000bc800000, 0x00000000d5580000)
  object space 991232K, 99% used [0x0000000080000000,0x00000000bc7c8b90,0x00000000bc800000)
 Metaspace       used 68196K, committed 69696K, reserved 1114112K
  class space    used 6945K, committed 7616K, reserved 1048576K
}
Event: 78.626 GC heap before
{Heap before GC invocations=1927 (full 3):
 PSYoungGen      total 3584K, used 3456K [0x00000000d5580000, 0x00000000d5980000, 0x0000000100000000)
  eden space 3072K, 100% used [0x00000000d5580000,0x00000000d5880000,0x00000000d5880000)
  from space 512K, 75% used [0x00000000d5880000,0x00000000d58e0000,0x00000000d5900000)
  to   space 512K, 0% used [0x00000000d5900000,0x00000000d5900000,0x00000000d5980000)
 ParOldGen       total 991232K, used 991010K [0x0000000080000000, 0x00000000bc800000, 0x00000000d5580000)
  object space 991232K, 99% used [0x0000000080000000,0x00000000bc7c8b90,0x00000000bc800000)
 Metaspace       used 68919K, committed 70464K, reserved 1114112K
  class space    used 7014K, committed 7680K, reserved 1048576K
}
Event: 78.628 GC heap after
{Heap after GC invocations=1927 (full 3):
 PSYoungGen      total 3584K, used 448K [0x00000000d5580000, 0x00000000d5980000, 0x0000000100000000)
  eden space 3072K, 0% used [0x00000000d5580000,0x00000000d5580000,0x00000000d5880000)
  from space 512K, 87% used [0x00000000d5900000,0x00000000d5970000,0x00000000d5980000)
  to   space 512K, 0% used [0x00000000d5880000,0x00000000d5880000,0x00000000d5900000)
 ParOldGen       total 991744K, used 991282K [0x0000000080000000, 0x00000000bc880000, 0x00000000d5580000)
  object space 991744K, 99% used [0x0000000080000000,0x00000000bc80cb90,0x00000000bc880000)
 Metaspace       used 68919K, committed 70464K, reserved 1114112K
  class space    used 7014K, committed 7680K, reserved 1048576K
}
Event: 78.655 GC heap before
{Heap before GC invocations=1928 (full 3):
 PSYoungGen      total 3584K, used 3519K [0x00000000d5580000, 0x00000000d5980000, 0x0000000100000000)
  eden space 3072K, 99% used [0x00000000d5580000,0x00000000d587fd68,0x00000000d5880000)
  from space 512K, 87% used [0x00000000d5900000,0x00000000d5970000,0x00000000d5980000)
  to   space 512K, 0% used [0x00000000d5880000,0x00000000d5880000,0x00000000d5900000)
 ParOldGen       total 991744K, used 991282K [0x0000000080000000, 0x00000000bc880000, 0x00000000d5580000)
  object space 991744K, 99% used [0x0000000080000000,0x00000000bc80cb90,0x00000000bc880000)
 Metaspace       used 69086K, committed 70592K, reserved 1114112K
  class space    used 7029K, committed 7680K, reserved 1048576K
}
Event: 78.658 GC heap after
{Heap after GC invocations=1928 (full 3):
 PSYoungGen      total 3584K, used 510K [0x00000000d5580000, 0x00000000d5a80000, 0x0000000100000000)
  eden space 3072K, 0% used [0x00000000d5580000,0x00000000d5580000,0x00000000d5880000)
  from space 512K, 99% used [0x00000000d5880000,0x00000000d58ff8d8,0x00000000d5900000)
  to   space 1024K, 0% used [0x00000000d5980000,0x00000000d5980000,0x00000000d5a80000)
 ParOldGen       total 994816K, used 994361K [0x0000000080000000, 0x00000000bcb80000, 0x00000000d5580000)
  object space 994816K, 99% used [0x0000000080000000,0x00000000bcb0e4d0,0x00000000bcb80000)
 Metaspace       used 69086K, committed 70592K, reserved 1114112K
  class space    used 7029K, committed 7680K, reserved 1048576K
}
Event: 78.675 GC heap before
{Heap before GC invocations=1929 (full 3):
 PSYoungGen      total 3584K, used 3582K [0x00000000d5580000, 0x00000000d5a80000, 0x0000000100000000)
  eden space 3072K, 100% used [0x00000000d5580000,0x00000000d5880000,0x00000000d5880000)
  from space 512K, 99% used [0x00000000d5880000,0x00000000d58ff8d8,0x00000000d5900000)
  to   space 1024K, 0% used [0x00000000d5980000,0x00000000d5980000,0x00000000d5a80000)
 ParOldGen       total 994816K, used 994361K [0x0000000080000000, 0x00000000bcb80000, 0x00000000d5580000)
  object space 994816K, 99% used [0x0000000080000000,0x00000000bcb0e4d0,0x00000000bcb80000)
 Metaspace       used 69132K, committed 70656K, reserved 1114112K
  class space    used 7031K, committed 7680K, reserved 1048576K
}
Event: 78.678 GC heap after
{Heap after GC invocations=1929 (full 3):
 PSYoungGen      total 4096K, used 768K [0x00000000d5580000, 0x00000000d5a80000, 0x0000000100000000)
  eden space 3072K, 0% used [0x00000000d5580000,0x00000000d5580000,0x00000000d5880000)
  from space 1024K, 75% used [0x00000000d5980000,0x00000000d5a40000,0x00000000d5a80000)
  to   space 1024K, 0% used [0x00000000d5880000,0x00000000d5880000,0x00000000d5980000)
 ParOldGen       total 994816K, used 994751K [0x0000000080000000, 0x00000000bcb80000, 0x00000000d5580000)
  object space 994816K, 99% used [0x0000000080000000,0x00000000bcb6fda8,0x00000000bcb80000)
 Metaspace       used 69132K, committed 70656K, reserved 1114112K
  class space    used 7031K, committed 7680K, reserved 1048576K
}
Event: 78.708 GC heap before
{Heap before GC invocations=1930 (full 3):
 PSYoungGen      total 4096K, used 3840K [0x00000000d5580000, 0x00000000d5a80000, 0x0000000100000000)
  eden space 3072K, 100% used [0x00000000d5580000,0x00000000d5880000,0x00000000d5880000)
  from space 1024K, 75% used [0x00000000d5980000,0x00000000d5a40000,0x00000000d5a80000)
  to   space 1024K, 0% used [0x00000000d5880000,0x00000000d5880000,0x00000000d5980000)
 ParOldGen       total 994816K, used 994751K [0x0000000080000000, 0x00000000bcb80000, 0x00000000d5580000)
  object space 994816K, 99% used [0x0000000080000000,0x00000000bcb6fda8,0x00000000bcb80000)
 Metaspace       used 69345K, committed 70848K, reserved 1114112K
  class space    used 7062K, committed 7744K, reserved 1048576K
}
Event: 80.725 GC heap after
{Heap after GC invocations=1930 (full 3):
 PSYoungGen      total 4096K, used 784K [0x00000000d5580000, 0x00000000d5b80000, 0x0000000100000000)
  eden space 3072K, 0% used [0x00000000d5580000,0x00000000d5580000,0x00000000d5880000)
  from space 1024K, 76% used [0x00000000d5880000,0x00000000d5944010,0x00000000d5980000)
  to   space 1024K, 0% used [0x00000000d5a80000,0x00000000d5a80000,0x00000000d5b80000)
 ParOldGen       total 995840K, used 995399K [0x0000000080000000, 0x00000000bcc80000, 0x00000000d5580000)
  object space 995840K, 99% used [0x0000000080000000,0x00000000bcc11da8,0x00000000bcc80000)
 Metaspace       used 69345K, committed 70848K, reserved 1114112K
  class space    used 7062K, committed 7744K, reserved 1048576K
}
Event: 80.751 GC heap before
{Heap before GC invocations=1931 (full 3):
 PSYoungGen      total 4096K, used 3856K [0x00000000d5580000, 0x00000000d5b80000, 0x0000000100000000)
  eden space 3072K, 100% used [0x00000000d5580000,0x00000000d5880000,0x00000000d5880000)
  from space 1024K, 76% used [0x00000000d5880000,0x00000000d5944010,0x00000000d5980000)
  to   space 1024K, 0% used [0x00000000d5a80000,0x00000000d5a80000,0x00000000d5b80000)
 ParOldGen       total 995840K, used 995399K [0x0000000080000000, 0x00000000bcc80000, 0x00000000d5580000)
  object space 995840K, 99% used [0x0000000080000000,0x00000000bcc11da8,0x00000000bcc80000)
 Metaspace       used 69578K, committed 71168K, reserved 1114112K
  class space    used 7100K, committed 7808K, reserved 1048576K
}
Event: 80.753 GC heap after
{Heap after GC invocations=1931 (full 3):
 PSYoungGen      total 5120K, used 864K [0x00000000d5580000, 0x00000000d5b80000, 0x0000000100000000)
  eden space 4096K, 0% used [0x00000000d5580000,0x00000000d5580000,0x00000000d5980000)
  from space 1024K, 84% used [0x00000000d5a80000,0x00000000d5b58010,0x00000000d5b80000)
  to   space 1024K, 0% used [0x00000000d5980000,0x00000000d5980000,0x00000000d5a80000)
 ParOldGen       total 996352K, used 995975K [0x0000000080000000, 0x00000000bcd00000, 0x00000000d5580000)
  object space 996352K, 99% used [0x0000000080000000,0x00000000bcca1da8,0x00000000bcd00000)
 Metaspace       used 69578K, committed 71168K, reserved 1114112K
  class space    used 7100K, committed 7808K, reserved 1048576K
}
Event: 80.788 GC heap before
{Heap before GC invocations=1932 (full 3):
 PSYoungGen      total 5120K, used 4960K [0x00000000d5580000, 0x00000000d5b80000, 0x0000000100000000)
  eden space 4096K, 100% used [0x00000000d5580000,0x00000000d5980000,0x00000000d5980000)
  from space 1024K, 84% used [0x00000000d5a80000,0x00000000d5b58010,0x00000000d5b80000)
  to   space 1024K, 0% used [0x00000000d5980000,0x00000000d5980000,0x00000000d5a80000)
 ParOldGen       total 996352K, used 995975K [0x0000000080000000, 0x00000000bcd00000, 0x00000000d5580000)
  object space 996352K, 99% used [0x0000000080000000,0x00000000bcca1da8,0x00000000bcd00000)
 Metaspace       used 70109K, committed 71680K, reserved 1114112K
  class space    used 7174K, committed 7872K, reserved 1048576K
}
Event: 80.791 GC heap after
{Heap after GC invocations=1932 (full 3):
 PSYoungGen      total 5120K, used 288K [0x00000000d5580000, 0x00000000d5b00000, 0x0000000100000000)
  eden space 4096K, 0% used [0x00000000d5580000,0x00000000d5580000,0x00000000d5980000)
  from space 1024K, 28% used [0x00000000d5980000,0x00000000d59c8000,0x00000000d5a80000)
  to   space 512K, 0% used [0x00000000d5a80000,0x00000000d5a80000,0x00000000d5b00000)
 ParOldGen       total 996864K, used 996735K [0x0000000080000000, 0x00000000bcd80000, 0x00000000d5580000)
  object space 996864K, 99% used [0x0000000080000000,0x00000000bcd5fdb8,0x00000000bcd80000)
 Metaspace       used 70109K, committed 71680K, reserved 1114112K
  class space    used 7174K, committed 7872K, reserved 1048576K
}
Event: 80.976 GC heap before
{Heap before GC invocations=1933 (full 3):
 PSYoungGen      total 5120K, used 4384K [0x00000000d5580000, 0x00000000d5b00000, 0x0000000100000000)
  eden space 4096K, 100% used [0x00000000d5580000,0x00000000d5980000,0x00000000d5980000)
  from space 1024K, 28% used [0x00000000d5980000,0x00000000d59c8000,0x00000000d5a80000)
  to   space 512K, 0% used [0x00000000d5a80000,0x00000000d5a80000,0x00000000d5b00000)
 ParOldGen       total 996864K, used 996735K [0x0000000080000000, 0x00000000bcd80000, 0x00000000d5580000)
  object space 996864K, 99% used [0x0000000080000000,0x00000000bcd5fdb8,0x00000000bcd80000)
 Metaspace       used 71044K, committed 72640K, reserved 1114112K
  class space    used 7284K, committed 8000K, reserved 1048576K
}
Event: 80.978 GC heap after
{Heap after GC invocations=1933 (full 3):
 PSYoungGen      total 4608K, used 256K [0x00000000d5580000, 0x00000000d5b00000, 0x0000000100000000)
  eden space 4096K, 0% used [0x00000000d5580000,0x00000000d5580000,0x00000000d5980000)
  from space 512K, 50% used [0x00000000d5a80000,0x00000000d5ac0000,0x00000000d5b00000)
  to   space 512K, 0% used [0x00000000d5a00000,0x00000000d5a00000,0x00000000d5a80000)
 ParOldGen       total 996864K, used 996831K [0x0000000080000000, 0x00000000bcd80000, 0x00000000d5580000)
  object space 996864K, 99% used [0x0000000080000000,0x00000000bcd77db8,0x00000000bcd80000)
 Metaspace       used 71044K, committed 72640K, reserved 1114112K
  class space    used 7284K, committed 8000K, reserved 1048576K
}
Event: 81.022 GC heap before
{Heap before GC invocations=1934 (full 3):
 PSYoungGen      total 4608K, used 4333K [0x00000000d5580000, 0x00000000d5b00000, 0x0000000100000000)
  eden space 4096K, 99% used [0x00000000d5580000,0x00000000d597b610,0x00000000d5980000)
  from space 512K, 50% used [0x00000000d5a80000,0x00000000d5ac0000,0x00000000d5b00000)
  to   space 512K, 0% used [0x00000000d5a00000,0x00000000d5a00000,0x00000000d5a80000)
 ParOldGen       total 996864K, used 996831K [0x0000000080000000, 0x00000000bcd80000, 0x00000000d5580000)
  object space 996864K, 99% used [0x0000000080000000,0x00000000bcd77db8,0x00000000bcd80000)
 Metaspace       used 71747K, committed 73280K, reserved 1114112K
  class space    used 7373K, committed 8064K, reserved 1048576K
}
Event: 81.024 GC heap after
{Heap after GC invocations=1934 (full 3):
 PSYoungGen      total 4608K, used 448K [0x00000000d5580000, 0x00000000d5b00000, 0x0000000100000000)
  eden space 4096K, 0% used [0x00000000d5580000,0x00000000d5580000,0x00000000d5980000)
  from space 512K, 87% used [0x00000000d5a00000,0x00000000d5a70370,0x00000000d5a80000)
  to   space 512K, 0% used [0x00000000d5a80000,0x00000000d5a80000,0x00000000d5b00000)
 ParOldGen       total 997376K, used 996971K [0x0000000080000000, 0x00000000bce00000, 0x00000000d5580000)
  object space 997376K, 99% used [0x0000000080000000,0x00000000bcd9adf8,0x00000000bce00000)
 Metaspace       used 71747K, committed 73280K, reserved 1114112K
  class space    used 7373K, committed 8064K, reserved 1048576K
}
Event: 81.058 GC heap before
{Heap before GC invocations=1935 (full 3):
 PSYoungGen      total 4608K, used 4544K [0x00000000d5580000, 0x00000000d5b00000, 0x0000000100000000)
  eden space 4096K, 100% used [0x00000000d5580000,0x00000000d5980000,0x00000000d5980000)
  from space 512K, 87% used [0x00000000d5a00000,0x00000000d5a70370,0x00000000d5a80000)
  to   space 512K, 0% used [0x00000000d5a80000,0x00000000d5a80000,0x00000000d5b00000)
 ParOldGen       total 997376K, used 996971K [0x0000000080000000, 0x00000000bce00000, 0x00000000d5580000)
  object space 997376K, 99% used [0x0000000080000000,0x00000000bcd9adf8,0x00000000bce00000)
 Metaspace       used 72492K, committed 74048K, reserved 1179648K
  class space    used 7490K, committed 8192K, reserved 1048576K
}
Event: 81.060 GC heap after
{Heap after GC invocations=1935 (full 3):
 PSYoungGen      total 4608K, used 348K [0x00000000d5580000, 0x00000000d5b00000, 0x0000000100000000)
  eden space 4096K, 0% used [0x00000000d5580000,0x00000000d5580000,0x00000000d5980000)
  from space 512K, 67% used [0x00000000d5a80000,0x00000000d5ad7080,0x00000000d5b00000)
  to   space 512K, 0% used [0x00000000d5a00000,0x00000000d5a00000,0x00000000d5a80000)
 ParOldGen       total 997376K, used 997163K [0x0000000080000000, 0x00000000bce00000, 0x00000000d5580000)
  object space 997376K, 99% used [0x0000000080000000,0x00000000bcdcaf88,0x00000000bce00000)
 Metaspace       used 72492K, committed 74048K, reserved 1179648K
  class space    used 7490K, committed 8192K, reserved 1048576K
}

