# JRE version: OpenJDK Runtime Environment Temurin-21.0.7+6 (21.0.7+6) (build 21.0.7+6-LTS)
# Java VM: OpenJDK 64-Bit Server VM Temurin-21.0.7+6 (21.0.7+6-LTS, mixed mode, sharing, tiered, compressed oops, compressed class ptrs, parallel gc, windows-amd64)
GC Precious Log:
 CardTable entry size: 512
 CPUs: 8 total, 8 available
 Memory: 8029M
 Large Page Support: Disabled
 NUMA Support: Disabled
 Compressed Oops: Enabled (32-bit)
 Alignments: Space 512K, Generation 512K, Heap 2M
 Heap Min Capacity: 100M
 Heap Initial Capacity: 100M
 Heap Max Capacity: 2G
 Pre-touch: Disabled
 Parallel Workers: 8
Heap:
 PSYoungGen      total 12288K, used 6541K [0x00000000d5580000, 0x00000000d6380000, 0x0000000100000000)
  eden space 10752K, 48% used [0x00000000d5580000,0x00000000d5aa3468,0x00000000d6000000)
  from space 1536K, 83% used [0x00000000d6200000,0x00000000d6340000,0x00000000d6380000)
  to   space 1536K, 0% used [0x00000000d6080000,0x00000000d6080000,0x00000000d6200000)
 ParOldGen       total 782848K, used 782626K [0x0000000080000000, 0x00000000afc80000, 0x00000000d5580000)
  object space 782848K, 99% used [0x0000000080000000,0x00000000afc48bc0,0x00000000afc80000)
 Metaspace       used 70995K, committed 72512K, reserved 1114112K
  class space    used 7469K, committed 8064K, reserved 1048576K
GC Heap History (20 events):
Event: 54.080 GC heap before
{Heap before GC invocations=1294 (full 3):
 PSYoungGen      total 11264K, used 11257K [0x00000000d5580000, 0x00000000d6300000, 0x0000000100000000)
  eden space 10752K, 100% used [0x00000000d5580000,0x00000000d6000000,0x00000000d6000000)
  from space 512K, 98% used [0x00000000d6200000,0x00000000d627e4d0,0x00000000d6280000)
  to   space 1536K, 0% used [0x00000000d6000000,0x00000000d6000000,0x00000000d6180000)
 ParOldGen       total 777216K, used 776728K [0x0000000080000000, 0x00000000af700000, 0x00000000d5580000)
  object space 777216K, 99% used [0x0000000080000000,0x00000000af686140,0x00000000af700000)
 Metaspace       used 70695K, committed 72192K, reserved 1114112K
  class space    used 7446K, committed 8064K, reserved 1048576K
}
Event: 54.082 GC heap after
{Heap after GC invocations=1294 (full 3):
 PSYoungGen      total 12288K, used 939K [0x00000000d5580000, 0x00000000d6280000, 0x0000000100000000)
  eden space 10752K, 0% used [0x00000000d5580000,0x00000000d5580000,0x00000000d6000000)
  from space 1536K, 61% used [0x00000000d6000000,0x00000000d60eaf58,0x00000000d6180000)
  to   space 1024K, 0% used [0x00000000d6180000,0x00000000d6180000,0x00000000d6280000)
 ParOldGen       total 777216K, used 777059K [0x0000000080000000, 0x00000000af700000, 0x00000000d5580000)
  object space 777216K, 99% used [0x0000000080000000,0x00000000af6d8d48,0x00000000af700000)
 Metaspace       used 70695K, committed 72192K, reserved 1114112K
  class space    used 7446K, committed 8064K, reserved 1048576K
}
Event: 54.098 GC heap before
{Heap before GC invocations=1295 (full 3):
 PSYoungGen      total 12288K, used 11691K [0x00000000d5580000, 0x00000000d6280000, 0x0000000100000000)
  eden space 10752K, 100% used [0x00000000d5580000,0x00000000d6000000,0x00000000d6000000)
  from space 1536K, 61% used [0x00000000d6000000,0x00000000d60eaf58,0x00000000d6180000)
  to   space 1024K, 0% used [0x00000000d6180000,0x00000000d6180000,0x00000000d6280000)
 ParOldGen       total 777216K, used 777059K [0x0000000080000000, 0x00000000af700000, 0x00000000d5580000)
  object space 777216K, 99% used [0x0000000080000000,0x00000000af6d8d48,0x00000000af700000)
 Metaspace       used 70729K, committed 72256K, reserved 1114112K
  class space    used 7448K, committed 8064K, reserved 1048576K
}
Event: 54.101 GC heap after
{Heap after GC invocations=1295 (full 3):
 PSYoungGen      total 11776K, used 920K [0x00000000d5580000, 0x00000000d6280000, 0x0000000100000000)
  eden space 10752K, 0% used [0x00000000d5580000,0x00000000d5580000,0x00000000d6000000)
  from space 1024K, 89% used [0x00000000d6180000,0x00000000d6266148,0x00000000d6280000)
  to   space 1024K, 0% used [0x00000000d6080000,0x00000000d6080000,0x00000000d6180000)
 ParOldGen       total 777728K, used 777691K [0x0000000080000000, 0x00000000af780000, 0x00000000d5580000)
  object space 777728K, 99% used [0x0000000080000000,0x00000000af776d48,0x00000000af780000)
 Metaspace       used 70729K, committed 72256K, reserved 1114112K
  class space    used 7448K, committed 8064K, reserved 1048576K
}
Event: 54.118 GC heap before
{Heap before GC invocations=1296 (full 3):
 PSYoungGen      total 11776K, used 11672K [0x00000000d5580000, 0x00000000d6280000, 0x0000000100000000)
  eden space 10752K, 100% used [0x00000000d5580000,0x00000000d6000000,0x00000000d6000000)
  from space 1024K, 89% used [0x00000000d6180000,0x00000000d6266148,0x00000000d6280000)
  to   space 1024K, 0% used [0x00000000d6080000,0x00000000d6080000,0x00000000d6180000)
 ParOldGen       total 777728K, used 777691K [0x0000000080000000, 0x00000000af780000, 0x00000000d5580000)
  object space 777728K, 99% used [0x0000000080000000,0x00000000af776d88,0x00000000af780000)
 Metaspace       used 70755K, committed 72256K, reserved 1114112K
  class space    used 7453K, committed 8064K, reserved 1048576K
}
Event: 54.121 GC heap after
{Heap after GC invocations=1296 (full 3):
 PSYoungGen      total 11776K, used 960K [0x00000000d5580000, 0x00000000d6200000, 0x0000000100000000)
  eden space 10752K, 0% used [0x00000000d5580000,0x00000000d5580000,0x00000000d6000000)
  from space 1024K, 93% used [0x00000000d6080000,0x00000000d6170000,0x00000000d6180000)
  to   space 512K, 0% used [0x00000000d6180000,0x00000000d6180000,0x00000000d6200000)
 ParOldGen       total 778752K, used 778401K [0x0000000080000000, 0x00000000af880000, 0x00000000d5580000)
  object space 778752K, 99% used [0x0000000080000000,0x00000000af828590,0x00000000af880000)
 Metaspace       used 70755K, committed 72256K, reserved 1114112K
  class space    used 7453K, committed 8064K, reserved 1048576K
}
Event: 54.146 GC heap before
{Heap before GC invocations=1297 (full 3):
 PSYoungGen      total 11776K, used 11712K [0x00000000d5580000, 0x00000000d6200000, 0x0000000100000000)
  eden space 10752K, 100% used [0x00000000d5580000,0x00000000d6000000,0x00000000d6000000)
  from space 1024K, 93% used [0x00000000d6080000,0x00000000d6170000,0x00000000d6180000)
  to   space 512K, 0% used [0x00000000d6180000,0x00000000d6180000,0x00000000d6200000)
 ParOldGen       total 778752K, used 778403K [0x0000000080000000, 0x00000000af880000, 0x00000000d5580000)
  object space 778752K, 99% used [0x0000000080000000,0x00000000af828d38,0x00000000af880000)
 Metaspace       used 70836K, committed 72320K, reserved 1114112K
  class space    used 7462K, committed 8064K, reserved 1048576K
}
Event: 54.149 GC heap after
{Heap after GC invocations=1297 (full 3):
 PSYoungGen      total 11264K, used 384K [0x00000000d5580000, 0x00000000d6200000, 0x0000000100000000)
  eden space 10752K, 0% used [0x00000000d5580000,0x00000000d5580000,0x00000000d6000000)
  from space 512K, 75% used [0x00000000d6180000,0x00000000d61e0230,0x00000000d6200000)
  to   space 1024K, 0% used [0x00000000d6000000,0x00000000d6000000,0x00000000d6100000)
 ParOldGen       total 779264K, used 779259K [0x0000000080000000, 0x00000000af900000, 0x00000000d5580000)
  object space 779264K, 99% used [0x0000000080000000,0x00000000af8fed38,0x00000000af900000)
 Metaspace       used 70836K, committed 72320K, reserved 1114112K
  class space    used 7462K, committed 8064K, reserved 1048576K
}
Event: 54.164 GC heap before
{Heap before GC invocations=1298 (full 3):
 PSYoungGen      total 11264K, used 11136K [0x00000000d5580000, 0x00000000d6200000, 0x0000000100000000)
  eden space 10752K, 100% used [0x00000000d5580000,0x00000000d6000000,0x00000000d6000000)
  from space 512K, 75% used [0x00000000d6180000,0x00000000d61e0230,0x00000000d6200000)
  to   space 1024K, 0% used [0x00000000d6000000,0x00000000d6000000,0x00000000d6100000)
 ParOldGen       total 779264K, used 779259K [0x0000000080000000, 0x00000000af900000, 0x00000000d5580000)
  object space 779264K, 99% used [0x0000000080000000,0x00000000af8fed38,0x00000000af900000)
 Metaspace       used 70842K, committed 72320K, reserved 1114112K
  class space    used 7462K, committed 8064K, reserved 1048576K
}
Event: 54.166 GC heap after
{Heap after GC invocations=1298 (full 3):
 PSYoungGen      total 11776K, used 866K [0x00000000d5580000, 0x00000000d6200000, 0x0000000100000000)
  eden space 10752K, 0% used [0x00000000d5580000,0x00000000d5580000,0x00000000d6000000)
  from space 1024K, 84% used [0x00000000d6000000,0x00000000d60d8900,0x00000000d6100000)
  to   space 1024K, 0% used [0x00000000d6100000,0x00000000d6100000,0x00000000d6200000)
 ParOldGen       total 779776K, used 779411K [0x0000000080000000, 0x00000000af980000, 0x00000000d5580000)
  object space 779776K, 99% used [0x0000000080000000,0x00000000af924d38,0x00000000af980000)
 Metaspace       used 70842K, committed 72320K, reserved 1114112K
  class space    used 7462K, committed 8064K, reserved 1048576K
}
Event: 54.181 GC heap before
{Heap before GC invocations=1299 (full 3):
 PSYoungGen      total 11776K, used 11618K [0x00000000d5580000, 0x00000000d6200000, 0x0000000100000000)
  eden space 10752K, 100% used [0x00000000d5580000,0x00000000d6000000,0x00000000d6000000)
  from space 1024K, 84% used [0x00000000d6000000,0x00000000d60d8900,0x00000000d6100000)
  to   space 1024K, 0% used [0x00000000d6100000,0x00000000d6100000,0x00000000d6200000)
 ParOldGen       total 779776K, used 779411K [0x0000000080000000, 0x00000000af980000, 0x00000000d5580000)
  object space 779776K, 99% used [0x0000000080000000,0x00000000af924d38,0x00000000af980000)
 Metaspace       used 70854K, committed 72320K, reserved 1114112K
  class space    used 7462K, committed 8064K, reserved 1048576K
}
Event: 54.183 GC heap after
{Heap after GC invocations=1299 (full 3):
 PSYoungGen      total 11776K, used 736K [0x00000000d5580000, 0x00000000d6200000, 0x0000000100000000)
  eden space 10752K, 0% used [0x00000000d5580000,0x00000000d5580000,0x00000000d6000000)
  from space 1024K, 71% used [0x00000000d6100000,0x00000000d61b8000,0x00000000d6200000)
  to   space 1024K, 0% used [0x00000000d6000000,0x00000000d6000000,0x00000000d6100000)
 ParOldGen       total 780288K, used 779909K [0x0000000080000000, 0x00000000afa00000, 0x00000000d5580000)
  object space 780288K, 99% used [0x0000000080000000,0x00000000af9a16f0,0x00000000afa00000)
 Metaspace       used 70854K, committed 72320K, reserved 1114112K
  class space    used 7462K, committed 8064K, reserved 1048576K
}
Event: 54.228 GC heap before
{Heap before GC invocations=1300 (full 3):
 PSYoungGen      total 11776K, used 11488K [0x00000000d5580000, 0x00000000d6200000, 0x0000000100000000)
  eden space 10752K, 100% used [0x00000000d5580000,0x00000000d6000000,0x00000000d6000000)
  from space 1024K, 71% used [0x00000000d6100000,0x00000000d61b8000,0x00000000d6200000)
  to   space 1024K, 0% used [0x00000000d6000000,0x00000000d6000000,0x00000000d6100000)
 ParOldGen       total 780288K, used 779909K [0x0000000080000000, 0x00000000afa00000, 0x00000000d5580000)
  object space 780288K, 99% used [0x0000000080000000,0x00000000af9a16f0,0x00000000afa00000)
 Metaspace       used 70901K, committed 72384K, reserved 1114112K
  class space    used 7463K, committed 8064K, reserved 1048576K
}
Event: 54.230 GC heap after
{Heap after GC invocations=1300 (full 3):
 PSYoungGen      total 11776K, used 832K [0x00000000d5580000, 0x00000000d6200000, 0x0000000100000000)
  eden space 10752K, 0% used [0x00000000d5580000,0x00000000d5580000,0x00000000d6000000)
  from space 1024K, 81% used [0x00000000d6000000,0x00000000d60d0000,0x00000000d6100000)
  to   space 1024K, 0% used [0x00000000d6100000,0x00000000d6100000,0x00000000d6200000)
 ParOldGen       total 780800K, used 780504K [0x0000000080000000, 0x00000000afa80000, 0x00000000d5580000)
  object space 780800K, 99% used [0x0000000080000000,0x00000000afa362f8,0x00000000afa80000)
 Metaspace       used 70901K, committed 72384K, reserved 1114112K
  class space    used 7463K, committed 8064K, reserved 1048576K
}
Event: 54.285 GC heap before
{Heap before GC invocations=1301 (full 3):
 PSYoungGen      total 11776K, used 11584K [0x00000000d5580000, 0x00000000d6200000, 0x0000000100000000)
  eden space 10752K, 100% used [0x00000000d5580000,0x00000000d6000000,0x00000000d6000000)
  from space 1024K, 81% used [0x00000000d6000000,0x00000000d60d0000,0x00000000d6100000)
  to   space 1024K, 0% used [0x00000000d6100000,0x00000000d6100000,0x00000000d6200000)
 ParOldGen       total 780800K, used 780504K [0x0000000080000000, 0x00000000afa80000, 0x00000000d5580000)
  object space 780800K, 99% used [0x0000000080000000,0x00000000afa362f8,0x00000000afa80000)
 Metaspace       used 70926K, committed 72448K, reserved 1114112K
  class space    used 7466K, committed 8064K, reserved 1048576K
}
Event: 54.288 GC heap after
{Heap after GC invocations=1301 (full 3):
 PSYoungGen      total 11776K, used 672K [0x00000000d5580000, 0x00000000d6200000, 0x0000000100000000)
  eden space 10752K, 0% used [0x00000000d5580000,0x00000000d5580000,0x00000000d6000000)
  from space 1024K, 65% used [0x00000000d6100000,0x00000000d61a8230,0x00000000d6200000)
  to   space 1024K, 0% used [0x00000000d6000000,0x00000000d6000000,0x00000000d6100000)
 ParOldGen       total 781312K, used 780880K [0x0000000080000000, 0x00000000afb00000, 0x00000000d5580000)
  object space 781312K, 99% used [0x0000000080000000,0x00000000afa942f8,0x00000000afb00000)
 Metaspace       used 70926K, committed 72448K, reserved 1114112K
  class space    used 7466K, committed 8064K, reserved 1048576K
}
Event: 54.320 GC heap before
{Heap before GC invocations=1302 (full 3):
 PSYoungGen      total 11776K, used 11424K [0x00000000d5580000, 0x00000000d6200000, 0x0000000100000000)
  eden space 10752K, 99% used [0x00000000d5580000,0x00000000d5ffffe0,0x00000000d6000000)
  from space 1024K, 65% used [0x00000000d6100000,0x00000000d61a8230,0x00000000d6200000)
  to   space 1024K, 0% used [0x00000000d6000000,0x00000000d6000000,0x00000000d6100000)
 ParOldGen       total 781312K, used 780880K [0x0000000080000000, 0x00000000afb00000, 0x00000000d5580000)
  object space 781312K, 99% used [0x0000000080000000,0x00000000afa942f8,0x00000000afb00000)
 Metaspace       used 70949K, committed 72448K, reserved 1114112K
  class space    used 7467K, committed 8064K, reserved 1048576K
}
Event: 54.323 GC heap after
{Heap after GC invocations=1302 (full 3):
 PSYoungGen      total 11776K, used 1014K [0x00000000d5580000, 0x00000000d6400000, 0x0000000100000000)
  eden space 10752K, 0% used [0x00000000d5580000,0x00000000d5580000,0x00000000d6000000)
  from space 1024K, 99% used [0x00000000d6000000,0x00000000d60fd808,0x00000000d6100000)
  to   space 2048K, 0% used [0x00000000d6200000,0x00000000d6200000,0x00000000d6400000)
 ParOldGen       total 781824K, used 781608K [0x0000000080000000, 0x00000000afb80000, 0x00000000d5580000)
  object space 781824K, 99% used [0x0000000080000000,0x00000000afb4a398,0x00000000afb80000)
 Metaspace       used 70949K, committed 72448K, reserved 1114112K
  class space    used 7467K, committed 8064K, reserved 1048576K
}
Event: 54.355 GC heap before
{Heap before GC invocations=1303 (full 3):
 PSYoungGen      total 11776K, used 11766K [0x00000000d5580000, 0x00000000d6400000, 0x0000000100000000)
  eden space 10752K, 100% used [0x00000000d5580000,0x00000000d6000000,0x00000000d6000000)
  from space 1024K, 99% used [0x00000000d6000000,0x00000000d60fd808,0x00000000d6100000)
  to   space 2048K, 0% used [0x00000000d6200000,0x00000000d6200000,0x00000000d6400000)
 ParOldGen       total 781824K, used 781612K [0x0000000080000000, 0x00000000afb80000, 0x00000000d5580000)
  object space 781824K, 99% used [0x0000000080000000,0x00000000afb4b3a8,0x00000000afb80000)
 Metaspace       used 70978K, committed 72448K, reserved 1114112K
  class space    used 7468K, committed 8064K, reserved 1048576K
}
Event: 54.358 GC heap after
{Heap after GC invocations=1303 (full 3):
 PSYoungGen      total 12288K, used 1280K [0x00000000d5580000, 0x00000000d6380000, 0x0000000100000000)
  eden space 10752K, 0% used [0x00000000d5580000,0x00000000d5580000,0x00000000d6000000)
  from space 1536K, 83% used [0x00000000d6200000,0x00000000d6340000,0x00000000d6380000)
  to   space 1536K, 0% used [0x00000000d6080000,0x00000000d6080000,0x00000000d6200000)
 ParOldGen       total 782848K, used 782626K [0x0000000080000000, 0x00000000afc80000, 0x00000000d5580000)
  object space 782848K, 99% used [0x0000000080000000,0x00000000afc48bc0,0x00000000afc80000)
 Metaspace       used 70978K, committed 72448K, reserved 1114112K
  class space    used 7468K, committed 8064K, reserved 1048576K
}

