# JRE version: OpenJDK Runtime Environment Temurin-21.0.7+6 (21.0.7+6) (build 21.0.7+6-LTS)
# Java VM: OpenJDK 64-Bit Server VM Temurin-21.0.7+6 (21.0.7+6-LTS, mixed mode, sharing, tiered, compressed oops, compressed class ptrs, parallel gc, windows-amd64)
GC Precious Log:
 CardTable entry size: 512
 CPUs: 8 total, 8 available
 Memory: 8029M
 Large Page Support: Disabled
 NUMA Support: Disabled
 Compressed Oops: Enabled (32-bit)
 Alignments: Space 512K, Generation 512K, Heap 2M
 Heap Min Capacity: 100M
 Heap Initial Capacity: 100M
 Heap Max Capacity: 2G
 Pre-touch: Disabled
 Parallel Workers: 8
Heap:
 PSYoungGen      total 9216K, used 2623K [0x00000000d5580000, 0x00000000d6000000, 0x0000000100000000)
  eden space 8704K, 27% used [0x00000000d5580000,0x00000000d57ccec8,0x00000000d5e00000)
  from space 512K, 52% used [0x00000000d5f00000,0x00000000d5f42fb0,0x00000000d5f80000)
  to   space 512K, 0% used [0x00000000d5f80000,0x00000000d5f80000,0x00000000d6000000)
 ParOldGen       total 711168K, used 710982K [0x0000000080000000, 0x00000000ab680000, 0x00000000d5580000)
  object space 711168K, 99% used [0x0000000080000000,0x00000000ab651b38,0x00000000ab680000)
 Metaspace       used 80145K, committed 81856K, reserved 1179648K
  class space    used 8181K, committed 8896K, reserved 1048576K
GC Heap History (20 events):
Event: 94480.685 GC heap before
{Heap before GC invocations=1781 (full 3):
 PSYoungGen      total 9728K, used 9712K [0x00000000d5580000, 0x00000000d6200000, 0x0000000100000000)
  eden space 8704K, 100% used [0x00000000d5580000,0x00000000d5e00000,0x00000000d5e00000)
  from space 1024K, 98% used [0x00000000d5e00000,0x00000000d5efc3c0,0x00000000d5f00000)
  to   space 2048K, 0% used [0x00000000d6000000,0x00000000d6000000,0x00000000d6200000)
 ParOldGen       total 708096K, used 707886K [0x0000000080000000, 0x00000000ab380000, 0x00000000d5580000)
  object space 708096K, 99% used [0x0000000080000000,0x00000000ab34bab0,0x00000000ab380000)
 Metaspace       used 80139K, committed 81856K, reserved 1179648K
  class space    used 8181K, committed 8896K, reserved 1048576K
}
Event: 94480.688 GC heap after
{Heap after GC invocations=1781 (full 3):
 PSYoungGen      total 9728K, used 757K [0x00000000d5580000, 0x00000000d6100000, 0x0000000100000000)
  eden space 8704K, 0% used [0x00000000d5580000,0x00000000d5580000,0x00000000d5e00000)
  from space 1024K, 73% used [0x00000000d6000000,0x00000000d60bd5f8,0x00000000d6100000)
  to   space 1536K, 0% used [0x00000000d5e00000,0x00000000d5e00000,0x00000000d5f80000)
 ParOldGen       total 708608K, used 708198K [0x0000000080000000, 0x00000000ab400000, 0x00000000d5580000)
  object space 708608K, 99% used [0x0000000080000000,0x00000000ab399ac0,0x00000000ab400000)
 Metaspace       used 80139K, committed 81856K, reserved 1179648K
  class space    used 8181K, committed 8896K, reserved 1048576K
}
Event: 94480.708 GC heap before
{Heap before GC invocations=1782 (full 3):
 PSYoungGen      total 9728K, used 9461K [0x00000000d5580000, 0x00000000d6100000, 0x0000000100000000)
  eden space 8704K, 100% used [0x00000000d5580000,0x00000000d5e00000,0x00000000d5e00000)
  from space 1024K, 73% used [0x00000000d6000000,0x00000000d60bd5f8,0x00000000d6100000)
  to   space 1536K, 0% used [0x00000000d5e00000,0x00000000d5e00000,0x00000000d5f80000)
 ParOldGen       total 708608K, used 708198K [0x0000000080000000, 0x00000000ab400000, 0x00000000d5580000)
  object space 708608K, 99% used [0x0000000080000000,0x00000000ab399ac0,0x00000000ab400000)
 Metaspace       used 80139K, committed 81856K, reserved 1179648K
  class space    used 8181K, committed 8896K, reserved 1048576K
}
Event: 94480.710 GC heap after
{Heap after GC invocations=1782 (full 3):
 PSYoungGen      total 10240K, used 611K [0x00000000d5580000, 0x00000000d6080000, 0x0000000100000000)
  eden space 8704K, 0% used [0x00000000d5580000,0x00000000d5580000,0x00000000d5e00000)
  from space 1536K, 39% used [0x00000000d5e00000,0x00000000d5e98e20,0x00000000d5f80000)
  to   space 1024K, 0% used [0x00000000d5f80000,0x00000000d5f80000,0x00000000d6080000)
 ParOldGen       total 708608K, used 708526K [0x0000000080000000, 0x00000000ab400000, 0x00000000d5580000)
  object space 708608K, 99% used [0x0000000080000000,0x00000000ab3eb8e8,0x00000000ab400000)
 Metaspace       used 80139K, committed 81856K, reserved 1179648K
  class space    used 8181K, committed 8896K, reserved 1048576K
}
Event: 94480.722 GC heap before
{Heap before GC invocations=1783 (full 3):
 PSYoungGen      total 10240K, used 9315K [0x00000000d5580000, 0x00000000d6080000, 0x0000000100000000)
  eden space 8704K, 100% used [0x00000000d5580000,0x00000000d5e00000,0x00000000d5e00000)
  from space 1536K, 39% used [0x00000000d5e00000,0x00000000d5e98e20,0x00000000d5f80000)
  to   space 1024K, 0% used [0x00000000d5f80000,0x00000000d5f80000,0x00000000d6080000)
 ParOldGen       total 708608K, used 708526K [0x0000000080000000, 0x00000000ab400000, 0x00000000d5580000)
  object space 708608K, 99% used [0x0000000080000000,0x00000000ab3eb8e8,0x00000000ab400000)
 Metaspace       used 80139K, committed 81856K, reserved 1179648K
  class space    used 8181K, committed 8896K, reserved 1048576K
}
Event: 94480.724 GC heap after
{Heap after GC invocations=1783 (full 3):
 PSYoungGen      total 9216K, used 368K [0x00000000d5580000, 0x00000000d6000000, 0x0000000100000000)
  eden space 8704K, 0% used [0x00000000d5580000,0x00000000d5580000,0x00000000d5e00000)
  from space 512K, 71% used [0x00000000d5f80000,0x00000000d5fdc010,0x00000000d6000000)
  to   space 512K, 0% used [0x00000000d5f00000,0x00000000d5f00000,0x00000000d5f80000)
 ParOldGen       total 709120K, used 708925K [0x0000000080000000, 0x00000000ab480000, 0x00000000d5580000)
  object space 709120K, 99% used [0x0000000080000000,0x00000000ab44f500,0x00000000ab480000)
 Metaspace       used 80139K, committed 81856K, reserved 1179648K
  class space    used 8181K, committed 8896K, reserved 1048576K
}
Event: 94480.740 GC heap before
{Heap before GC invocations=1784 (full 3):
 PSYoungGen      total 9216K, used 9072K [0x00000000d5580000, 0x00000000d6000000, 0x0000000100000000)
  eden space 8704K, 100% used [0x00000000d5580000,0x00000000d5e00000,0x00000000d5e00000)
  from space 512K, 71% used [0x00000000d5f80000,0x00000000d5fdc010,0x00000000d6000000)
  to   space 512K, 0% used [0x00000000d5f00000,0x00000000d5f00000,0x00000000d5f80000)
 ParOldGen       total 709120K, used 708925K [0x0000000080000000, 0x00000000ab480000, 0x00000000d5580000)
  object space 709120K, 99% used [0x0000000080000000,0x00000000ab44f500,0x00000000ab480000)
 Metaspace       used 80139K, committed 81856K, reserved 1179648K
  class space    used 8181K, committed 8896K, reserved 1048576K
}
Event: 94480.743 GC heap after
{Heap after GC invocations=1784 (full 3):
 PSYoungGen      total 9216K, used 499K [0x00000000d5580000, 0x00000000d6100000, 0x0000000100000000)
  eden space 8704K, 0% used [0x00000000d5580000,0x00000000d5580000,0x00000000d5e00000)
  from space 512K, 97% used [0x00000000d5f00000,0x00000000d5f7ce88,0x00000000d5f80000)
  to   space 1536K, 0% used [0x00000000d5f80000,0x00000000d5f80000,0x00000000d6100000)
 ParOldGen       total 710144K, used 709768K [0x0000000080000000, 0x00000000ab580000, 0x00000000d5580000)
  object space 710144K, 99% used [0x0000000080000000,0x00000000ab522348,0x00000000ab580000)
 Metaspace       used 80139K, committed 81856K, reserved 1179648K
  class space    used 8181K, committed 8896K, reserved 1048576K
}
Event: 94480.763 GC heap before
{Heap before GC invocations=1785 (full 3):
 PSYoungGen      total 9216K, used 9203K [0x00000000d5580000, 0x00000000d6100000, 0x0000000100000000)
  eden space 8704K, 100% used [0x00000000d5580000,0x00000000d5e00000,0x00000000d5e00000)
  from space 512K, 97% used [0x00000000d5f00000,0x00000000d5f7ce88,0x00000000d5f80000)
  to   space 1536K, 0% used [0x00000000d5f80000,0x00000000d5f80000,0x00000000d6100000)
 ParOldGen       total 710144K, used 709768K [0x0000000080000000, 0x00000000ab580000, 0x00000000d5580000)
  object space 710144K, 99% used [0x0000000080000000,0x00000000ab522348,0x00000000ab580000)
 Metaspace       used 80139K, committed 81856K, reserved 1179648K
  class space    used 8181K, committed 8896K, reserved 1048576K
}
Event: 94480.765 GC heap after
{Heap after GC invocations=1785 (full 3):
 PSYoungGen      total 9728K, used 672K [0x00000000d5580000, 0x00000000d6080000, 0x0000000100000000)
  eden space 8704K, 0% used [0x00000000d5580000,0x00000000d5580000,0x00000000d5e00000)
  from space 1024K, 65% used [0x00000000d5f80000,0x00000000d60282d8,0x00000000d6080000)
  to   space 1024K, 0% used [0x00000000d5e80000,0x00000000d5e80000,0x00000000d5f80000)
 ParOldGen       total 710144K, used 709960K [0x0000000080000000, 0x00000000ab580000, 0x00000000d5580000)
  object space 710144K, 99% used [0x0000000080000000,0x00000000ab552348,0x00000000ab580000)
 Metaspace       used 80139K, committed 81856K, reserved 1179648K
  class space    used 8181K, committed 8896K, reserved 1048576K
}
Event: 94480.785 GC heap before
{Heap before GC invocations=1786 (full 3):
 PSYoungGen      total 9728K, used 9376K [0x00000000d5580000, 0x00000000d6080000, 0x0000000100000000)
  eden space 8704K, 100% used [0x00000000d5580000,0x00000000d5e00000,0x00000000d5e00000)
  from space 1024K, 65% used [0x00000000d5f80000,0x00000000d60282d8,0x00000000d6080000)
  to   space 1024K, 0% used [0x00000000d5e80000,0x00000000d5e80000,0x00000000d5f80000)
 ParOldGen       total 710144K, used 709960K [0x0000000080000000, 0x00000000ab580000, 0x00000000d5580000)
  object space 710144K, 99% used [0x0000000080000000,0x00000000ab552348,0x00000000ab580000)
 Metaspace       used 80144K, committed 81856K, reserved 1179648K
  class space    used 8181K, committed 8896K, reserved 1048576K
}
Event: 94480.788 GC heap after
{Heap after GC invocations=1786 (full 3):
 PSYoungGen      total 9728K, used 744K [0x00000000d5580000, 0x00000000d6000000, 0x0000000100000000)
  eden space 8704K, 0% used [0x00000000d5580000,0x00000000d5580000,0x00000000d5e00000)
  from space 1024K, 72% used [0x00000000d5e80000,0x00000000d5f3a180,0x00000000d5f80000)
  to   space 512K, 0% used [0x00000000d5f80000,0x00000000d5f80000,0x00000000d6000000)
 ParOldGen       total 710656K, used 710303K [0x0000000080000000, 0x00000000ab600000, 0x00000000d5580000)
  object space 710656K, 99% used [0x0000000080000000,0x00000000ab5a7f68,0x00000000ab600000)
 Metaspace       used 80144K, committed 81856K, reserved 1179648K
  class space    used 8181K, committed 8896K, reserved 1048576K
}
Event: 94480.839 GC heap before
{Heap before GC invocations=1787 (full 3):
 PSYoungGen      total 9728K, used 9448K [0x00000000d5580000, 0x00000000d6000000, 0x0000000100000000)
  eden space 8704K, 100% used [0x00000000d5580000,0x00000000d5e00000,0x00000000d5e00000)
  from space 1024K, 72% used [0x00000000d5e80000,0x00000000d5f3a180,0x00000000d5f80000)
  to   space 512K, 0% used [0x00000000d5f80000,0x00000000d5f80000,0x00000000d6000000)
 ParOldGen       total 710656K, used 710303K [0x0000000080000000, 0x00000000ab600000, 0x00000000d5580000)
  object space 710656K, 99% used [0x0000000080000000,0x00000000ab5a7f68,0x00000000ab600000)
 Metaspace       used 80145K, committed 81856K, reserved 1179648K
  class space    used 8181K, committed 8896K, reserved 1048576K
}
Event: 94480.841 GC heap after
{Heap after GC invocations=1787 (full 3):
 PSYoungGen      total 9216K, used 355K [0x00000000d5580000, 0x00000000d6000000, 0x0000000100000000)
  eden space 8704K, 0% used [0x00000000d5580000,0x00000000d5580000,0x00000000d5e00000)
  from space 512K, 69% used [0x00000000d5f80000,0x00000000d5fd8c58,0x00000000d6000000)
  to   space 512K, 0% used [0x00000000d5f00000,0x00000000d5f00000,0x00000000d5f80000)
 ParOldGen       total 711168K, used 710734K [0x0000000080000000, 0x00000000ab680000, 0x00000000d5580000)
  object space 711168K, 99% used [0x0000000080000000,0x00000000ab613b38,0x00000000ab680000)
 Metaspace       used 80145K, committed 81856K, reserved 1179648K
  class space    used 8181K, committed 8896K, reserved 1048576K
}
Event: 94480.868 GC heap before
{Heap before GC invocations=1788 (full 3):
 PSYoungGen      total 9216K, used 9059K [0x00000000d5580000, 0x00000000d6000000, 0x0000000100000000)
  eden space 8704K, 100% used [0x00000000d5580000,0x00000000d5e00000,0x00000000d5e00000)
  from space 512K, 69% used [0x00000000d5f80000,0x00000000d5fd8c58,0x00000000d6000000)
  to   space 512K, 0% used [0x00000000d5f00000,0x00000000d5f00000,0x00000000d5f80000)
 ParOldGen       total 711168K, used 710734K [0x0000000080000000, 0x00000000ab680000, 0x00000000d5580000)
  object space 711168K, 99% used [0x0000000080000000,0x00000000ab613b38,0x00000000ab680000)
 Metaspace       used 80145K, committed 81856K, reserved 1179648K
  class space    used 8181K, committed 8896K, reserved 1048576K
}
Event: 94480.870 GC heap after
{Heap after GC invocations=1788 (full 3):
 PSYoungGen      total 9216K, used 363K [0x00000000d5580000, 0x00000000d6000000, 0x0000000100000000)
  eden space 8704K, 0% used [0x00000000d5580000,0x00000000d5580000,0x00000000d5e00000)
  from space 512K, 71% used [0x00000000d5f00000,0x00000000d5f5af58,0x00000000d5f80000)
  to   space 512K, 0% used [0x00000000d5f80000,0x00000000d5f80000,0x00000000d6000000)
 ParOldGen       total 711168K, used 710798K [0x0000000080000000, 0x00000000ab680000, 0x00000000d5580000)
  object space 711168K, 99% used [0x0000000080000000,0x00000000ab623b38,0x00000000ab680000)
 Metaspace       used 80145K, committed 81856K, reserved 1179648K
  class space    used 8181K, committed 8896K, reserved 1048576K
}
Event: 94480.888 GC heap before
{Heap before GC invocations=1789 (full 3):
 PSYoungGen      total 9216K, used 9067K [0x00000000d5580000, 0x00000000d6000000, 0x0000000100000000)
  eden space 8704K, 100% used [0x00000000d5580000,0x00000000d5e00000,0x00000000d5e00000)
  from space 512K, 71% used [0x00000000d5f00000,0x00000000d5f5af58,0x00000000d5f80000)
  to   space 512K, 0% used [0x00000000d5f80000,0x00000000d5f80000,0x00000000d6000000)
 ParOldGen       total 711168K, used 710798K [0x0000000080000000, 0x00000000ab680000, 0x00000000d5580000)
  object space 711168K, 99% used [0x0000000080000000,0x00000000ab623b38,0x00000000ab680000)
 Metaspace       used 80145K, committed 81856K, reserved 1179648K
  class space    used 8181K, committed 8896K, reserved 1048576K
}
Event: 94480.890 GC heap after
{Heap after GC invocations=1789 (full 3):
 PSYoungGen      total 9216K, used 192K [0x00000000d5580000, 0x00000000d6000000, 0x0000000100000000)
  eden space 8704K, 0% used [0x00000000d5580000,0x00000000d5580000,0x00000000d5e00000)
  from space 512K, 37% used [0x00000000d5f80000,0x00000000d5fb0000,0x00000000d6000000)
  to   space 512K, 0% used [0x00000000d5f00000,0x00000000d5f00000,0x00000000d5f80000)
 ParOldGen       total 711168K, used 710862K [0x0000000080000000, 0x00000000ab680000, 0x00000000d5580000)
  object space 711168K, 99% used [0x0000000080000000,0x00000000ab633b38,0x00000000ab680000)
 Metaspace       used 80145K, committed 81856K, reserved 1179648K
  class space    used 8181K, committed 8896K, reserved 1048576K
}
Event: 94480.918 GC heap before
{Heap before GC invocations=1790 (full 3):
 PSYoungGen      total 9216K, used 8896K [0x00000000d5580000, 0x00000000d6000000, 0x0000000100000000)
  eden space 8704K, 100% used [0x00000000d5580000,0x00000000d5e00000,0x00000000d5e00000)
  from space 512K, 37% used [0x00000000d5f80000,0x00000000d5fb0000,0x00000000d6000000)
  to   space 512K, 0% used [0x00000000d5f00000,0x00000000d5f00000,0x00000000d5f80000)
 ParOldGen       total 711168K, used 710862K [0x0000000080000000, 0x00000000ab680000, 0x00000000d5580000)
  object space 711168K, 99% used [0x0000000080000000,0x00000000ab633b38,0x00000000ab680000)
 Metaspace       used 80145K, committed 81856K, reserved 1179648K
  class space    used 8181K, committed 8896K, reserved 1048576K
}
Event: 94480.919 GC heap after
{Heap after GC invocations=1790 (full 3):
 PSYoungGen      total 9216K, used 224K [0x00000000d5580000, 0x00000000d6000000, 0x0000000100000000)
  eden space 8704K, 0% used [0x00000000d5580000,0x00000000d5580000,0x00000000d5e00000)
  from space 512K, 43% used [0x00000000d5f00000,0x00000000d5f38000,0x00000000d5f80000)
  to   space 512K, 0% used [0x00000000d5f80000,0x00000000d5f80000,0x00000000d6000000)
 ParOldGen       total 711168K, used 710894K [0x0000000080000000, 0x00000000ab680000, 0x00000000d5580000)
  object space 711168K, 99% used [0x0000000080000000,0x00000000ab63bb38,0x00000000ab680000)
 Metaspace       used 80145K, committed 81856K, reserved 1179648K
  class space    used 8181K, committed 8896K, reserved 1048576K
}

