# JRE version: OpenJDK Runtime Environment (21.0.2+13) (build 21.0.2+13-58)
# Java VM: OpenJDK 64-Bit Server VM (21.0.2+13-58, mixed mode, sharing, tiered, compressed oops, compressed class ptrs, g1 gc, windows-amd64)
GC Precious Log:
 CardTable entry size: 512
 Card Set container configuration: InlinePtr #cards 5 size 8 Array Of Cards #cards 12 size 40 Howl #buckets 4 coarsen threshold 1843 Howl Bitmap #cards 512 size 80 coarsen threshold 460 Card regions per heap region 1 cards per card region 2048
 CPUs: 8 total, 8 available
 Memory: 8029M
 Large Page Support: Disabled
 NUMA Support: Disabled
 Compressed Oops: Enabled (32-bit)
 Heap Region Size: 1M
 Heap Min Capacity: 8M
 Heap Initial Capacity: 126M
 Heap Max Capacity: 2008M
 Pre-touch: Disabled
 Parallel Workers: 8
 Concurrent Workers: 2
 Concurrent Refinement Workers: 8
 Periodic GC: Disabled
Heap:
 garbage-first heap   total 106496K, used 69490K [0x0000000082800000, 0x0000000100000000)
  region size 1024K, 21 young (21504K), 4 survivors (4096K)
 Metaspace       used 30558K, committed 30912K, reserved 1114112K
  class space    used 3497K, committed 3648K, reserved 1048576K
GC Heap History (16 events):
Event: 13.793 GC heap before
{Heap before GC invocations=0 (full 0):
 garbage-first heap   total 129024K, used 22528K [0x0000000082800000, 0x0000000100000000)
  region size 1024K, 23 young (23552K), 0 survivors (0K)
 Metaspace       used 5636K, committed 5888K, reserved 1114112K
  class space    used 662K, committed 768K, reserved 1048576K
}
Event: 13.808 GC heap after
{Heap after GC invocations=1 (full 0):
 garbage-first heap   total 129024K, used 3693K [0x0000000082800000, 0x0000000100000000)
  region size 1024K, 3 young (3072K), 3 survivors (3072K)
 Metaspace       used 5636K, committed 5888K, reserved 1114112K
  class space    used 662K, committed 768K, reserved 1048576K
}
Event: 15.845 GC heap before
{Heap before GC invocations=1 (full 0):
 garbage-first heap   total 129024K, used 34413K [0x0000000082800000, 0x0000000100000000)
  region size 1024K, 33 young (33792K), 3 survivors (3072K)
 Metaspace       used 9689K, committed 9920K, reserved 1114112K
  class space    used 1154K, committed 1280K, reserved 1048576K
}
Event: 15.853 GC heap after
{Heap after GC invocations=2 (full 0):
 garbage-first heap   total 129024K, used 5204K [0x0000000082800000, 0x0000000100000000)
  region size 1024K, 2 young (2048K), 2 survivors (2048K)
 Metaspace       used 9689K, committed 9920K, reserved 1114112K
  class space    used 1154K, committed 1280K, reserved 1048576K
}
Event: 23.911 GC heap before
{Heap before GC invocations=2 (full 0):
 garbage-first heap   total 129024K, used 78932K [0x0000000082800000, 0x0000000100000000)
  region size 1024K, 75 young (76800K), 2 survivors (2048K)
 Metaspace       used 15969K, committed 16256K, reserved 1114112K
  class space    used 1866K, committed 1984K, reserved 1048576K
}
Event: 23.928 GC heap after
{Heap after GC invocations=3 (full 0):
 garbage-first heap   total 129024K, used 13797K [0x0000000082800000, 0x0000000100000000)
  region size 1024K, 10 young (10240K), 10 survivors (10240K)
 Metaspace       used 15969K, committed 16256K, reserved 1114112K
  class space    used 1866K, committed 1984K, reserved 1048576K
}
Event: 26.315 GC heap before
{Heap before GC invocations=3 (full 0):
 garbage-first heap   total 129024K, used 83429K [0x0000000082800000, 0x0000000100000000)
  region size 1024K, 75 young (76800K), 10 survivors (10240K)
 Metaspace       used 20459K, committed 20736K, reserved 1114112K
  class space    used 2340K, committed 2432K, reserved 1048576K
}
Event: 26.332 GC heap after
{Heap after GC invocations=4 (full 0):
 garbage-first heap   total 129024K, used 21747K [0x0000000082800000, 0x0000000100000000)
  region size 1024K, 7 young (7168K), 7 survivors (7168K)
 Metaspace       used 20459K, committed 20736K, reserved 1114112K
  class space    used 2340K, committed 2432K, reserved 1048576K
}
Event: 26.414 GC heap before
{Heap before GC invocations=4 (full 0):
 garbage-first heap   total 129024K, used 29939K [0x0000000082800000, 0x0000000100000000)
  region size 1024K, 14 young (14336K), 7 survivors (7168K)
 Metaspace       used 21208K, committed 21504K, reserved 1114112K
  class space    used 2462K, committed 2624K, reserved 1048576K
}
Event: 26.424 GC heap after
{Heap after GC invocations=5 (full 0):
 garbage-first heap   total 129024K, used 24434K [0x0000000082800000, 0x0000000100000000)
  region size 1024K, 4 young (4096K), 4 survivors (4096K)
 Metaspace       used 21208K, committed 21504K, reserved 1114112K
  class space    used 2462K, committed 2624K, reserved 1048576K
}
Event: 29.233 GC heap before
{Heap before GC invocations=6 (full 0):
 garbage-first heap   total 86016K, used 84850K [0x0000000082800000, 0x0000000100000000)
  region size 1024K, 63 young (64512K), 4 survivors (4096K)
 Metaspace       used 28235K, committed 28608K, reserved 1114112K
  class space    used 3245K, committed 3392K, reserved 1048576K
}
Event: 29.259 GC heap after
{Heap after GC invocations=7 (full 0):
 garbage-first heap   total 101376K, used 36092K [0x0000000082800000, 0x0000000100000000)
  region size 1024K, 10 young (10240K), 10 survivors (10240K)
 Metaspace       used 28235K, committed 28608K, reserved 1114112K
  class space    used 3245K, committed 3392K, reserved 1048576K
}
Event: 30.835 GC heap before
{Heap before GC invocations=7 (full 0):
 garbage-first heap   total 101376K, used 87292K [0x0000000082800000, 0x0000000100000000)
  region size 1024K, 54 young (55296K), 10 survivors (10240K)
 Metaspace       used 28980K, committed 29376K, reserved 1114112K
  class space    used 3326K, committed 3520K, reserved 1048576K
}
Event: 30.863 GC heap after
{Heap after GC invocations=8 (full 0):
 garbage-first heap   total 106496K, used 48498K [0x0000000082800000, 0x0000000100000000)
  region size 1024K, 7 young (7168K), 7 survivors (7168K)
 Metaspace       used 28980K, committed 29376K, reserved 1114112K
  class space    used 3326K, committed 3520K, reserved 1048576K
}
Event: 31.552 GC heap before
{Heap before GC invocations=8 (full 0):
 garbage-first heap   total 106496K, used 81266K [0x0000000082800000, 0x0000000100000000)
  region size 1024K, 40 young (40960K), 7 survivors (7168K)
 Metaspace       used 30122K, committed 30592K, reserved 1114112K
  class space    used 3459K, committed 3648K, reserved 1048576K
}
Event: 31.567 GC heap after
{Heap after GC invocations=9 (full 0):
 garbage-first heap   total 106496K, used 53106K [0x0000000082800000, 0x0000000100000000)
  region size 1024K, 4 young (4096K), 4 survivors (4096K)
 Metaspace       used 30122K, committed 30592K, reserved 1114112K
  class space    used 3459K, committed 3648K, reserved 1048576K
}

